Copyright 1986-2018 Xilinx, Inc. All Rights Reserved.
--------------------------------------------------------------------------------------------------------------------------------------------------------------------------------------
| Tool Version : Vivado v.2018.3 (win64) Build 2405991 Thu Dec  6 23:38:27 MST 2018
| Date         : Tue Jun  4 22:50:24 2019
| Host         : LAPTOP-HFO0LBIT running 64-bit major release  (build 9200)
| Command      : report_timing_summary -max_paths 10 -file final_timing_summary_routed.rpt -pb final_timing_summary_routed.pb -rpx final_timing_summary_routed.rpx -warn_on_violation
| Design       : final
| Device       : 7a100t-csg324
| Speed File   : -1  PRODUCTION 1.23 2018-06-13
--------------------------------------------------------------------------------------------------------------------------------------------------------------------------------------

Timing Summary Report

------------------------------------------------------------------------------------------------
| Timer Settings
| --------------
------------------------------------------------------------------------------------------------

  Enable Multi Corner Analysis               :  Yes
  Enable Pessimism Removal                   :  Yes
  Pessimism Removal Resolution               :  Nearest Common Node
  Enable Input Delay Default Clock           :  No
  Enable Preset / Clear Arcs                 :  No
  Disable Flight Delays                      :  No
  Ignore I/O Paths                           :  No
  Timing Early Launch at Borrowing Latches   :  false

  Corner  Analyze    Analyze    
  Name    Max Paths  Min Paths  
  ------  ---------  ---------  
  Slow    Yes        Yes        
  Fast    Yes        Yes        



check_timing report

Table of Contents
-----------------
1. checking no_clock
2. checking constant_clock
3. checking pulse_width_clock
4. checking unconstrained_internal_endpoints
5. checking no_input_delay
6. checking no_output_delay
7. checking multiple_clock
8. checking generated_clocks
9. checking loops
10. checking partial_input_delay
11. checking partial_output_delay
12. checking latch_loops

1. checking no_clock
--------------------
 There are 25 register/latch pins with no clock driven by root clock pin: clk (HIGH)

 There are 12 register/latch pins with no clock driven by root clock pin: Hcnt_reg[0]/Q (HIGH)

 There are 12 register/latch pins with no clock driven by root clock pin: Hcnt_reg[0]_rep/Q (HIGH)

 There are 12 register/latch pins with no clock driven by root clock pin: Hcnt_reg[1]/Q (HIGH)

 There are 12 register/latch pins with no clock driven by root clock pin: Hcnt_reg[1]_rep/Q (HIGH)

 There are 12 register/latch pins with no clock driven by root clock pin: Hcnt_reg[2]/Q (HIGH)

 There are 12 register/latch pins with no clock driven by root clock pin: Hcnt_reg[2]_rep/Q (HIGH)

 There are 12 register/latch pins with no clock driven by root clock pin: Hcnt_reg[3]/Q (HIGH)

 There are 12 register/latch pins with no clock driven by root clock pin: Hcnt_reg[3]_rep/Q (HIGH)

 There are 12 register/latch pins with no clock driven by root clock pin: Hcnt_reg[4]/Q (HIGH)

 There are 12 register/latch pins with no clock driven by root clock pin: Hcnt_reg[4]_rep/Q (HIGH)

 There are 12 register/latch pins with no clock driven by root clock pin: Hcnt_reg[5]/Q (HIGH)

 There are 12 register/latch pins with no clock driven by root clock pin: Hcnt_reg[6]/Q (HIGH)

 There are 12 register/latch pins with no clock driven by root clock pin: Hcnt_reg[7]/Q (HIGH)

 There are 12 register/latch pins with no clock driven by root clock pin: Hcnt_reg[8]/Q (HIGH)

 There are 12 register/latch pins with no clock driven by root clock pin: Hcnt_reg[8]_rep/Q (HIGH)

 There are 12 register/latch pins with no clock driven by root clock pin: Hcnt_reg[9]/Q (HIGH)

 There are 12 register/latch pins with no clock driven by root clock pin: Vcnt_reg[0]/Q (HIGH)

 There are 8 register/latch pins with no clock driven by root clock pin: Vcnt_reg[1]/Q (HIGH)

 There are 12 register/latch pins with no clock driven by root clock pin: Vcnt_reg[1]_rep/Q (HIGH)

 There are 12 register/latch pins with no clock driven by root clock pin: Vcnt_reg[1]_rep__0/Q (HIGH)

 There are 12 register/latch pins with no clock driven by root clock pin: Vcnt_reg[1]_rep__1/Q (HIGH)

 There are 12 register/latch pins with no clock driven by root clock pin: Vcnt_reg[2]/Q (HIGH)

 There are 12 register/latch pins with no clock driven by root clock pin: Vcnt_reg[3]/Q (HIGH)

 There are 12 register/latch pins with no clock driven by root clock pin: Vcnt_reg[4]/Q (HIGH)

 There are 12 register/latch pins with no clock driven by root clock pin: Vcnt_reg[4]_rep/Q (HIGH)

 There are 12 register/latch pins with no clock driven by root clock pin: Vcnt_reg[4]_rep__0/Q (HIGH)

 There are 12 register/latch pins with no clock driven by root clock pin: Vcnt_reg[5]/Q (HIGH)

 There are 12 register/latch pins with no clock driven by root clock pin: Vcnt_reg[5]_rep/Q (HIGH)

 There are 12 register/latch pins with no clock driven by root clock pin: Vcnt_reg[5]_rep__0/Q (HIGH)

 There are 12 register/latch pins with no clock driven by root clock pin: Vcnt_reg[6]/Q (HIGH)

 There are 12 register/latch pins with no clock driven by root clock pin: Vcnt_reg[6]_rep/Q (HIGH)

 There are 12 register/latch pins with no clock driven by root clock pin: Vcnt_reg[6]_rep__0/Q (HIGH)

 There are 12 register/latch pins with no clock driven by root clock pin: Vcnt_reg[7]/Q (HIGH)

 There are 12 register/latch pins with no clock driven by root clock pin: Vcnt_reg[7]_rep/Q (HIGH)

 There are 12 register/latch pins with no clock driven by root clock pin: Vcnt_reg[7]_rep__0/Q (HIGH)

 There are 12 register/latch pins with no clock driven by root clock pin: Vcnt_reg[8]/Q (HIGH)

 There are 12 register/latch pins with no clock driven by root clock pin: Vcnt_reg[8]_rep/Q (HIGH)

 There are 12 register/latch pins with no clock driven by root clock pin: Vcnt_reg[8]_rep__0/Q (HIGH)

 There are 12 register/latch pins with no clock driven by root clock pin: Vcnt_reg[8]_rep__1/Q (HIGH)

 There are 12 register/latch pins with no clock driven by root clock pin: Vcnt_reg[9]/Q (HIGH)

 There are 12 register/latch pins with no clock driven by root clock pin: Vcnt_reg[9]_rep/Q (HIGH)

 There are 12 register/latch pins with no clock driven by root clock pin: Vcnt_reg[9]_rep__0/Q (HIGH)

 There are 12 register/latch pins with no clock driven by root clock pin: Vcnt_reg[9]_rep__1/Q (HIGH)

 There is 1 register/latch pin with no clock driven by root clock pin: bi_reg[0]/Q (HIGH)

 There are 7 register/latch pins with no clock driven by root clock pin: bi_reg[1]/Q (HIGH)

 There are 7 register/latch pins with no clock driven by root clock pin: bi_reg[2]/Q (HIGH)

 There are 7 register/latch pins with no clock driven by root clock pin: bi_reg[3]/Q (HIGH)

 There are 45 register/latch pins with no clock driven by root clock pin: clk_25M_reg/Q (HIGH)

 There is 1 register/latch pin with no clock driven by root clock pin: clk_50M_reg/Q (HIGH)

 There are 12 register/latch pins with no clock driven by root clock pin: cnt_reg/Q (HIGH)

 There are 4 register/latch pins with no clock driven by root clock pin: e_reg[0]/Q (HIGH)

 There are 4 register/latch pins with no clock driven by root clock pin: e_reg[1]/Q (HIGH)

 There are 4 register/latch pins with no clock driven by root clock pin: e_reg[2]/Q (HIGH)

 There are 4 register/latch pins with no clock driven by root clock pin: e_reg[3]/Q (HIGH)

 There are 4 register/latch pins with no clock driven by root clock pin: e_reg[4]/Q (HIGH)

 There are 4 register/latch pins with no clock driven by root clock pin: e_reg[5]/Q (HIGH)

 There are 4 register/latch pins with no clock driven by root clock pin: e_reg[6]/Q (HIGH)

 There are 4 register/latch pins with no clock driven by root clock pin: e_reg[7]/Q (HIGH)

 There are 12 register/latch pins with no clock driven by root clock pin: h1_reg[0]/Q (HIGH)

 There are 12 register/latch pins with no clock driven by root clock pin: h1_reg[1]/Q (HIGH)

 There are 12 register/latch pins with no clock driven by root clock pin: h1_reg[2]/Q (HIGH)

 There are 12 register/latch pins with no clock driven by root clock pin: h1_reg[3]/Q (HIGH)

 There are 12 register/latch pins with no clock driven by root clock pin: h1_reg[4]/Q (HIGH)

 There are 12 register/latch pins with no clock driven by root clock pin: h1_reg[5]/Q (HIGH)

 There are 12 register/latch pins with no clock driven by root clock pin: h1_reg[6]/Q (HIGH)

 There are 12 register/latch pins with no clock driven by root clock pin: h1_reg[7]/Q (HIGH)

 There are 12 register/latch pins with no clock driven by root clock pin: h1_reg[8]/Q (HIGH)

 There are 12 register/latch pins with no clock driven by root clock pin: h1_reg[9]/Q (HIGH)

 There are 12 register/latch pins with no clock driven by root clock pin: h2_reg[0]/Q (HIGH)

 There are 12 register/latch pins with no clock driven by root clock pin: h2_reg[1]/Q (HIGH)

 There are 12 register/latch pins with no clock driven by root clock pin: h2_reg[2]/Q (HIGH)

 There are 12 register/latch pins with no clock driven by root clock pin: h2_reg[3]/Q (HIGH)

 There are 12 register/latch pins with no clock driven by root clock pin: h2_reg[4]/Q (HIGH)

 There are 12 register/latch pins with no clock driven by root clock pin: h2_reg[5]/Q (HIGH)

 There are 12 register/latch pins with no clock driven by root clock pin: h2_reg[6]/Q (HIGH)

 There are 12 register/latch pins with no clock driven by root clock pin: h2_reg[7]/Q (HIGH)

 There are 12 register/latch pins with no clock driven by root clock pin: h2_reg[8]/Q (HIGH)

 There are 12 register/latch pins with no clock driven by root clock pin: h2_reg[9]/Q (HIGH)

 There are 12 register/latch pins with no clock driven by root clock pin: h3_reg[0]/Q (HIGH)

 There are 12 register/latch pins with no clock driven by root clock pin: h3_reg[1]/Q (HIGH)

 There are 12 register/latch pins with no clock driven by root clock pin: h3_reg[2]/Q (HIGH)

 There are 12 register/latch pins with no clock driven by root clock pin: h3_reg[3]/Q (HIGH)

 There are 12 register/latch pins with no clock driven by root clock pin: h3_reg[4]/Q (HIGH)

 There are 12 register/latch pins with no clock driven by root clock pin: h3_reg[5]/Q (HIGH)

 There are 12 register/latch pins with no clock driven by root clock pin: h3_reg[6]/Q (HIGH)

 There are 12 register/latch pins with no clock driven by root clock pin: h3_reg[7]/Q (HIGH)

 There are 12 register/latch pins with no clock driven by root clock pin: h3_reg[8]/Q (HIGH)

 There are 12 register/latch pins with no clock driven by root clock pin: h3_reg[9]/Q (HIGH)

 There are 12 register/latch pins with no clock driven by root clock pin: h4_reg[0]/Q (HIGH)

 There are 12 register/latch pins with no clock driven by root clock pin: h4_reg[1]/Q (HIGH)

 There are 12 register/latch pins with no clock driven by root clock pin: h4_reg[2]/Q (HIGH)

 There are 12 register/latch pins with no clock driven by root clock pin: h4_reg[3]/Q (HIGH)

 There are 12 register/latch pins with no clock driven by root clock pin: h4_reg[4]/Q (HIGH)

 There are 12 register/latch pins with no clock driven by root clock pin: h4_reg[5]/Q (HIGH)

 There are 12 register/latch pins with no clock driven by root clock pin: h4_reg[6]/Q (HIGH)

 There are 12 register/latch pins with no clock driven by root clock pin: h4_reg[7]/Q (HIGH)

 There are 12 register/latch pins with no clock driven by root clock pin: h4_reg[8]/Q (HIGH)

 There are 12 register/latch pins with no clock driven by root clock pin: h4_reg[9]/Q (HIGH)

 There are 12 register/latch pins with no clock driven by root clock pin: h5_reg[0]/Q (HIGH)

 There are 12 register/latch pins with no clock driven by root clock pin: h5_reg[1]/Q (HIGH)

 There are 12 register/latch pins with no clock driven by root clock pin: h5_reg[2]/Q (HIGH)

 There are 12 register/latch pins with no clock driven by root clock pin: h5_reg[3]/Q (HIGH)

 There are 12 register/latch pins with no clock driven by root clock pin: h5_reg[4]/Q (HIGH)

 There are 12 register/latch pins with no clock driven by root clock pin: h5_reg[5]/Q (HIGH)

 There are 12 register/latch pins with no clock driven by root clock pin: h5_reg[6]/Q (HIGH)

 There are 12 register/latch pins with no clock driven by root clock pin: h5_reg[7]/Q (HIGH)

 There are 12 register/latch pins with no clock driven by root clock pin: h5_reg[8]/Q (HIGH)

 There are 12 register/latch pins with no clock driven by root clock pin: h5_reg[9]/Q (HIGH)

 There are 12 register/latch pins with no clock driven by root clock pin: h_reg[0]/Q (HIGH)

 There are 12 register/latch pins with no clock driven by root clock pin: h_reg[0]_rep/Q (HIGH)

 There are 12 register/latch pins with no clock driven by root clock pin: h_reg[0]_rep__0/Q (HIGH)

 There are 12 register/latch pins with no clock driven by root clock pin: h_reg[1]/Q (HIGH)

 There are 12 register/latch pins with no clock driven by root clock pin: h_reg[1]_rep/Q (HIGH)

 There are 12 register/latch pins with no clock driven by root clock pin: h_reg[1]_rep__0/Q (HIGH)

 There are 12 register/latch pins with no clock driven by root clock pin: h_reg[1]_rep__1/Q (HIGH)

 There are 12 register/latch pins with no clock driven by root clock pin: h_reg[2]/Q (HIGH)

 There are 12 register/latch pins with no clock driven by root clock pin: h_reg[2]_rep/Q (HIGH)

 There are 12 register/latch pins with no clock driven by root clock pin: h_reg[2]_rep__0/Q (HIGH)

 There are 12 register/latch pins with no clock driven by root clock pin: h_reg[2]_rep__1/Q (HIGH)

 There are 12 register/latch pins with no clock driven by root clock pin: h_reg[3]_rep/Q (HIGH)

 There are 12 register/latch pins with no clock driven by root clock pin: h_reg[3]_rep__0/Q (HIGH)

 There are 12 register/latch pins with no clock driven by root clock pin: h_reg[3]_rep__1/Q (HIGH)

 There are 12 register/latch pins with no clock driven by root clock pin: h_reg[4]/Q (HIGH)

 There are 12 register/latch pins with no clock driven by root clock pin: h_reg[5]/Q (HIGH)

 There are 12 register/latch pins with no clock driven by root clock pin: h_reg[6]/Q (HIGH)

 There are 12 register/latch pins with no clock driven by root clock pin: h_reg[7]/Q (HIGH)

 There are 12 register/latch pins with no clock driven by root clock pin: h_reg[8]/Q (HIGH)

 There are 12 register/latch pins with no clock driven by root clock pin: h_reg[9]/Q (HIGH)

 There are 8 register/latch pins with no clock driven by root clock pin: infh_reg[0]/Q (HIGH)

 There are 8 register/latch pins with no clock driven by root clock pin: infh_reg[1]/Q (HIGH)

 There are 8 register/latch pins with no clock driven by root clock pin: infh_reg[2]/Q (HIGH)

 There are 8 register/latch pins with no clock driven by root clock pin: infh_reg[3]/Q (HIGH)

 There are 8 register/latch pins with no clock driven by root clock pin: infh_reg[4]/Q (HIGH)

 There are 8 register/latch pins with no clock driven by root clock pin: infh_reg[5]/Q (HIGH)

 There are 8 register/latch pins with no clock driven by root clock pin: infh_reg[6]/Q (HIGH)

 There are 8 register/latch pins with no clock driven by root clock pin: infh_reg[7]/Q (HIGH)

 There are 8 register/latch pins with no clock driven by root clock pin: infh_reg[8]/Q (HIGH)

 There are 8 register/latch pins with no clock driven by root clock pin: infh_reg[9]/Q (HIGH)

 There are 8 register/latch pins with no clock driven by root clock pin: infv_reg[0]/Q (HIGH)

 There are 8 register/latch pins with no clock driven by root clock pin: infv_reg[1]/Q (HIGH)

 There are 8 register/latch pins with no clock driven by root clock pin: infv_reg[2]/Q (HIGH)

 There are 8 register/latch pins with no clock driven by root clock pin: infv_reg[3]/Q (HIGH)

 There are 8 register/latch pins with no clock driven by root clock pin: infv_reg[4]/Q (HIGH)

 There are 8 register/latch pins with no clock driven by root clock pin: infv_reg[5]/Q (HIGH)

 There are 8 register/latch pins with no clock driven by root clock pin: infv_reg[6]/Q (HIGH)

 There are 8 register/latch pins with no clock driven by root clock pin: infv_reg[7]/Q (HIGH)

 There are 8 register/latch pins with no clock driven by root clock pin: infv_reg[8]/Q (HIGH)

 There are 8 register/latch pins with no clock driven by root clock pin: infv_reg[9]/Q (HIGH)

 There are 12 register/latch pins with no clock driven by root clock pin: over_reg/Q (HIGH)

 There are 19 register/latch pins with no clock driven by root clock pin: q_reg[12]/Q (HIGH)

 There are 10 register/latch pins with no clock driven by root clock pin: q_reg[14]/Q (HIGH)

 There are 38 register/latch pins with no clock driven by root clock pin: q_reg[15]/Q (HIGH)

 There are 283 register/latch pins with no clock driven by root clock pin: q_reg[16]/Q (HIGH)

 There are 21 register/latch pins with no clock driven by root clock pin: q_reg[17]/Q (HIGH)

 There are 357 register/latch pins with no clock driven by root clock pin: q_reg[20]/Q (HIGH)

 There are 256 register/latch pins with no clock driven by root clock pin: q_reg[23]/Q (HIGH)

 There are 12 register/latch pins with no clock driven by root clock pin: sh1_reg[0]/Q (HIGH)

 There are 12 register/latch pins with no clock driven by root clock pin: sh1_reg[1]/Q (HIGH)

 There are 12 register/latch pins with no clock driven by root clock pin: sh1_reg[2]/Q (HIGH)

 There are 12 register/latch pins with no clock driven by root clock pin: sh1_reg[3]/Q (HIGH)

 There are 12 register/latch pins with no clock driven by root clock pin: sh1_reg[4]/Q (HIGH)

 There are 12 register/latch pins with no clock driven by root clock pin: sh1_reg[5]/Q (HIGH)

 There are 12 register/latch pins with no clock driven by root clock pin: sh1_reg[6]/Q (HIGH)

 There are 12 register/latch pins with no clock driven by root clock pin: sh1_reg[7]/Q (HIGH)

 There are 12 register/latch pins with no clock driven by root clock pin: sh1_reg[8]/Q (HIGH)

 There are 12 register/latch pins with no clock driven by root clock pin: sh1_reg[9]/Q (HIGH)

 There are 12 register/latch pins with no clock driven by root clock pin: sh2_reg[0]/Q (HIGH)

 There are 12 register/latch pins with no clock driven by root clock pin: sh2_reg[1]/Q (HIGH)

 There are 12 register/latch pins with no clock driven by root clock pin: sh2_reg[2]/Q (HIGH)

 There are 12 register/latch pins with no clock driven by root clock pin: sh2_reg[3]/Q (HIGH)

 There are 12 register/latch pins with no clock driven by root clock pin: sh2_reg[4]/Q (HIGH)

 There are 12 register/latch pins with no clock driven by root clock pin: sh2_reg[5]/Q (HIGH)

 There are 12 register/latch pins with no clock driven by root clock pin: sh2_reg[6]/Q (HIGH)

 There are 12 register/latch pins with no clock driven by root clock pin: sh2_reg[7]/Q (HIGH)

 There are 12 register/latch pins with no clock driven by root clock pin: sh2_reg[8]/Q (HIGH)

 There are 12 register/latch pins with no clock driven by root clock pin: sh2_reg[9]/Q (HIGH)

 There are 12 register/latch pins with no clock driven by root clock pin: sh3_reg[0]/Q (HIGH)

 There are 12 register/latch pins with no clock driven by root clock pin: sh3_reg[1]/Q (HIGH)

 There are 12 register/latch pins with no clock driven by root clock pin: sh3_reg[2]/Q (HIGH)

 There are 12 register/latch pins with no clock driven by root clock pin: sh3_reg[3]/Q (HIGH)

 There are 12 register/latch pins with no clock driven by root clock pin: sh3_reg[4]/Q (HIGH)

 There are 12 register/latch pins with no clock driven by root clock pin: sh3_reg[5]/Q (HIGH)

 There are 12 register/latch pins with no clock driven by root clock pin: sh3_reg[6]/Q (HIGH)

 There are 12 register/latch pins with no clock driven by root clock pin: sh3_reg[7]/Q (HIGH)

 There are 12 register/latch pins with no clock driven by root clock pin: sh3_reg[8]/Q (HIGH)

 There are 12 register/latch pins with no clock driven by root clock pin: sh3_reg[9]/Q (HIGH)

 There are 12 register/latch pins with no clock driven by root clock pin: sh4_reg[0]/Q (HIGH)

 There are 12 register/latch pins with no clock driven by root clock pin: sh4_reg[1]/Q (HIGH)

 There are 12 register/latch pins with no clock driven by root clock pin: sh4_reg[2]/Q (HIGH)

 There are 12 register/latch pins with no clock driven by root clock pin: sh4_reg[3]/Q (HIGH)

 There are 12 register/latch pins with no clock driven by root clock pin: sh4_reg[4]/Q (HIGH)

 There are 12 register/latch pins with no clock driven by root clock pin: sh4_reg[5]/Q (HIGH)

 There are 12 register/latch pins with no clock driven by root clock pin: sh4_reg[6]/Q (HIGH)

 There are 12 register/latch pins with no clock driven by root clock pin: sh4_reg[7]/Q (HIGH)

 There are 12 register/latch pins with no clock driven by root clock pin: sh4_reg[8]/Q (HIGH)

 There are 12 register/latch pins with no clock driven by root clock pin: sh4_reg[9]/Q (HIGH)

 There are 12 register/latch pins with no clock driven by root clock pin: sh5_reg[0]/Q (HIGH)

 There are 12 register/latch pins with no clock driven by root clock pin: sh5_reg[1]/Q (HIGH)

 There are 12 register/latch pins with no clock driven by root clock pin: sh5_reg[2]/Q (HIGH)

 There are 12 register/latch pins with no clock driven by root clock pin: sh5_reg[3]/Q (HIGH)

 There are 12 register/latch pins with no clock driven by root clock pin: sh5_reg[4]/Q (HIGH)

 There are 12 register/latch pins with no clock driven by root clock pin: sh5_reg[5]/Q (HIGH)

 There are 12 register/latch pins with no clock driven by root clock pin: sh5_reg[6]/Q (HIGH)

 There are 12 register/latch pins with no clock driven by root clock pin: sh5_reg[7]/Q (HIGH)

 There are 12 register/latch pins with no clock driven by root clock pin: sh5_reg[8]/Q (HIGH)

 There are 12 register/latch pins with no clock driven by root clock pin: sh5_reg[9]/Q (HIGH)

 There are 12 register/latch pins with no clock driven by root clock pin: sh6_reg[0]/Q (HIGH)

 There are 12 register/latch pins with no clock driven by root clock pin: sh6_reg[1]/Q (HIGH)

 There are 12 register/latch pins with no clock driven by root clock pin: sh6_reg[2]/Q (HIGH)

 There are 12 register/latch pins with no clock driven by root clock pin: sh6_reg[3]/Q (HIGH)

 There are 12 register/latch pins with no clock driven by root clock pin: sh6_reg[4]/Q (HIGH)

 There are 12 register/latch pins with no clock driven by root clock pin: sh6_reg[5]/Q (HIGH)

 There are 12 register/latch pins with no clock driven by root clock pin: sh6_reg[6]/Q (HIGH)

 There are 12 register/latch pins with no clock driven by root clock pin: sh6_reg[7]/Q (HIGH)

 There are 12 register/latch pins with no clock driven by root clock pin: sh6_reg[8]/Q (HIGH)

 There are 12 register/latch pins with no clock driven by root clock pin: sh6_reg[9]/Q (HIGH)

 There are 12 register/latch pins with no clock driven by root clock pin: sv1_reg[0]/Q (HIGH)

 There are 12 register/latch pins with no clock driven by root clock pin: sv1_reg[1]/Q (HIGH)

 There are 12 register/latch pins with no clock driven by root clock pin: sv1_reg[2]/Q (HIGH)

 There are 12 register/latch pins with no clock driven by root clock pin: sv1_reg[3]/Q (HIGH)

 There are 12 register/latch pins with no clock driven by root clock pin: sv1_reg[4]/Q (HIGH)

 There are 12 register/latch pins with no clock driven by root clock pin: sv1_reg[5]/Q (HIGH)

 There are 12 register/latch pins with no clock driven by root clock pin: sv1_reg[6]/Q (HIGH)

 There are 12 register/latch pins with no clock driven by root clock pin: sv1_reg[7]/Q (HIGH)

 There are 12 register/latch pins with no clock driven by root clock pin: sv1_reg[8]/Q (HIGH)

 There are 12 register/latch pins with no clock driven by root clock pin: sv1_reg[9]/Q (HIGH)

 There are 12 register/latch pins with no clock driven by root clock pin: sv2_reg[0]/Q (HIGH)

 There are 12 register/latch pins with no clock driven by root clock pin: sv2_reg[1]/Q (HIGH)

 There are 12 register/latch pins with no clock driven by root clock pin: sv2_reg[2]/Q (HIGH)

 There are 12 register/latch pins with no clock driven by root clock pin: sv2_reg[3]/Q (HIGH)

 There are 12 register/latch pins with no clock driven by root clock pin: sv2_reg[4]/Q (HIGH)

 There are 12 register/latch pins with no clock driven by root clock pin: sv2_reg[5]/Q (HIGH)

 There are 12 register/latch pins with no clock driven by root clock pin: sv2_reg[6]/Q (HIGH)

 There are 12 register/latch pins with no clock driven by root clock pin: sv2_reg[7]/Q (HIGH)

 There are 12 register/latch pins with no clock driven by root clock pin: sv2_reg[8]/Q (HIGH)

 There are 12 register/latch pins with no clock driven by root clock pin: sv2_reg[9]/Q (HIGH)

 There are 12 register/latch pins with no clock driven by root clock pin: sv3_reg[0]/Q (HIGH)

 There are 12 register/latch pins with no clock driven by root clock pin: sv3_reg[1]/Q (HIGH)

 There are 12 register/latch pins with no clock driven by root clock pin: sv3_reg[2]/Q (HIGH)

 There are 12 register/latch pins with no clock driven by root clock pin: sv3_reg[3]/Q (HIGH)

 There are 12 register/latch pins with no clock driven by root clock pin: sv3_reg[4]/Q (HIGH)

 There are 12 register/latch pins with no clock driven by root clock pin: sv3_reg[5]/Q (HIGH)

 There are 12 register/latch pins with no clock driven by root clock pin: sv3_reg[6]/Q (HIGH)

 There are 12 register/latch pins with no clock driven by root clock pin: sv3_reg[7]/Q (HIGH)

 There are 12 register/latch pins with no clock driven by root clock pin: sv3_reg[8]/Q (HIGH)

 There are 12 register/latch pins with no clock driven by root clock pin: sv3_reg[9]/Q (HIGH)

 There are 12 register/latch pins with no clock driven by root clock pin: sv4_reg[0]/Q (HIGH)

 There are 12 register/latch pins with no clock driven by root clock pin: sv4_reg[1]/Q (HIGH)

 There are 12 register/latch pins with no clock driven by root clock pin: sv4_reg[2]/Q (HIGH)

 There are 12 register/latch pins with no clock driven by root clock pin: sv4_reg[3]/Q (HIGH)

 There are 12 register/latch pins with no clock driven by root clock pin: sv4_reg[4]/Q (HIGH)

 There are 12 register/latch pins with no clock driven by root clock pin: sv4_reg[5]/Q (HIGH)

 There are 12 register/latch pins with no clock driven by root clock pin: sv4_reg[6]/Q (HIGH)

 There are 12 register/latch pins with no clock driven by root clock pin: sv4_reg[7]/Q (HIGH)

 There are 12 register/latch pins with no clock driven by root clock pin: sv4_reg[8]/Q (HIGH)

 There are 12 register/latch pins with no clock driven by root clock pin: sv4_reg[9]/Q (HIGH)

 There are 12 register/latch pins with no clock driven by root clock pin: sv5_reg[0]/Q (HIGH)

 There are 12 register/latch pins with no clock driven by root clock pin: sv5_reg[1]/Q (HIGH)

 There are 12 register/latch pins with no clock driven by root clock pin: sv5_reg[2]/Q (HIGH)

 There are 12 register/latch pins with no clock driven by root clock pin: sv5_reg[3]/Q (HIGH)

 There are 12 register/latch pins with no clock driven by root clock pin: sv5_reg[4]/Q (HIGH)

 There are 12 register/latch pins with no clock driven by root clock pin: sv5_reg[5]/Q (HIGH)

 There are 12 register/latch pins with no clock driven by root clock pin: sv5_reg[6]/Q (HIGH)

 There are 12 register/latch pins with no clock driven by root clock pin: sv5_reg[7]/Q (HIGH)

 There are 12 register/latch pins with no clock driven by root clock pin: sv5_reg[8]/Q (HIGH)

 There are 12 register/latch pins with no clock driven by root clock pin: sv5_reg[9]/Q (HIGH)

 There are 12 register/latch pins with no clock driven by root clock pin: sv6_reg[0]/Q (HIGH)

 There are 12 register/latch pins with no clock driven by root clock pin: sv6_reg[1]/Q (HIGH)

 There are 12 register/latch pins with no clock driven by root clock pin: sv6_reg[2]/Q (HIGH)

 There are 12 register/latch pins with no clock driven by root clock pin: sv6_reg[3]/Q (HIGH)

 There are 12 register/latch pins with no clock driven by root clock pin: sv6_reg[4]/Q (HIGH)

 There are 12 register/latch pins with no clock driven by root clock pin: sv6_reg[5]/Q (HIGH)

 There are 12 register/latch pins with no clock driven by root clock pin: sv6_reg[6]/Q (HIGH)

 There are 12 register/latch pins with no clock driven by root clock pin: sv6_reg[7]/Q (HIGH)

 There are 12 register/latch pins with no clock driven by root clock pin: sv6_reg[8]/Q (HIGH)

 There are 12 register/latch pins with no clock driven by root clock pin: sv6_reg[9]/Q (HIGH)

 There are 12 register/latch pins with no clock driven by root clock pin: v1_reg[0]_rep/Q (HIGH)

 There are 12 register/latch pins with no clock driven by root clock pin: v1_reg[0]_rep__0/Q (HIGH)

 There are 12 register/latch pins with no clock driven by root clock pin: v1_reg[1]/Q (HIGH)

 There are 12 register/latch pins with no clock driven by root clock pin: v1_reg[2]/Q (HIGH)

 There are 12 register/latch pins with no clock driven by root clock pin: v1_reg[3]/Q (HIGH)

 There are 12 register/latch pins with no clock driven by root clock pin: v1_reg[4]/Q (HIGH)

 There are 12 register/latch pins with no clock driven by root clock pin: v1_reg[5]/Q (HIGH)

 There are 12 register/latch pins with no clock driven by root clock pin: v1_reg[6]/Q (HIGH)

 There are 12 register/latch pins with no clock driven by root clock pin: v1_reg[7]/Q (HIGH)

 There are 12 register/latch pins with no clock driven by root clock pin: v1_reg[7]_rep/Q (HIGH)

 There are 12 register/latch pins with no clock driven by root clock pin: v1_reg[8]/Q (HIGH)

 There are 12 register/latch pins with no clock driven by root clock pin: v1_reg[9]/Q (HIGH)

 There are 12 register/latch pins with no clock driven by root clock pin: v1_reg[9]_rep/Q (HIGH)

 There are 12 register/latch pins with no clock driven by root clock pin: v1_reg[9]_rep__0/Q (HIGH)

 There are 12 register/latch pins with no clock driven by root clock pin: v2_reg[0]/Q (HIGH)

 There are 12 register/latch pins with no clock driven by root clock pin: v2_reg[1]/Q (HIGH)

 There are 12 register/latch pins with no clock driven by root clock pin: v2_reg[2]/Q (HIGH)

 There are 12 register/latch pins with no clock driven by root clock pin: v2_reg[3]/Q (HIGH)

 There are 12 register/latch pins with no clock driven by root clock pin: v2_reg[4]/Q (HIGH)

 There are 12 register/latch pins with no clock driven by root clock pin: v2_reg[5]/Q (HIGH)

 There are 12 register/latch pins with no clock driven by root clock pin: v2_reg[6]/Q (HIGH)

 There are 12 register/latch pins with no clock driven by root clock pin: v2_reg[7]/Q (HIGH)

 There are 12 register/latch pins with no clock driven by root clock pin: v2_reg[8]/Q (HIGH)

 There are 12 register/latch pins with no clock driven by root clock pin: v2_reg[9]/Q (HIGH)

 There are 12 register/latch pins with no clock driven by root clock pin: v3_reg[0]/Q (HIGH)

 There are 12 register/latch pins with no clock driven by root clock pin: v3_reg[1]/Q (HIGH)

 There are 12 register/latch pins with no clock driven by root clock pin: v3_reg[2]/Q (HIGH)

 There are 12 register/latch pins with no clock driven by root clock pin: v3_reg[3]/Q (HIGH)

 There are 12 register/latch pins with no clock driven by root clock pin: v3_reg[4]/Q (HIGH)

 There are 12 register/latch pins with no clock driven by root clock pin: v3_reg[5]/Q (HIGH)

 There are 12 register/latch pins with no clock driven by root clock pin: v3_reg[6]/Q (HIGH)

 There are 12 register/latch pins with no clock driven by root clock pin: v3_reg[7]/Q (HIGH)

 There are 12 register/latch pins with no clock driven by root clock pin: v3_reg[7]_rep/Q (HIGH)

 There are 12 register/latch pins with no clock driven by root clock pin: v3_reg[8]/Q (HIGH)

 There are 12 register/latch pins with no clock driven by root clock pin: v3_reg[9]/Q (HIGH)

 There are 12 register/latch pins with no clock driven by root clock pin: v3_reg[9]_rep/Q (HIGH)

 There are 12 register/latch pins with no clock driven by root clock pin: v4_reg[0]/Q (HIGH)

 There are 12 register/latch pins with no clock driven by root clock pin: v4_reg[1]/Q (HIGH)

 There are 12 register/latch pins with no clock driven by root clock pin: v4_reg[2]/Q (HIGH)

 There are 12 register/latch pins with no clock driven by root clock pin: v4_reg[3]/Q (HIGH)

 There are 12 register/latch pins with no clock driven by root clock pin: v4_reg[4]/Q (HIGH)

 There are 12 register/latch pins with no clock driven by root clock pin: v4_reg[5]/Q (HIGH)

 There are 12 register/latch pins with no clock driven by root clock pin: v4_reg[6]/Q (HIGH)

 There are 12 register/latch pins with no clock driven by root clock pin: v4_reg[7]/Q (HIGH)

 There are 12 register/latch pins with no clock driven by root clock pin: v4_reg[8]/Q (HIGH)

 There are 12 register/latch pins with no clock driven by root clock pin: v4_reg[9]/Q (HIGH)

 There are 12 register/latch pins with no clock driven by root clock pin: v5_reg[0]_rep/Q (HIGH)

 There are 12 register/latch pins with no clock driven by root clock pin: v5_reg[0]_rep__0/Q (HIGH)

 There are 12 register/latch pins with no clock driven by root clock pin: v5_reg[1]_rep/Q (HIGH)

 There are 12 register/latch pins with no clock driven by root clock pin: v5_reg[1]_rep__0/Q (HIGH)

 There are 12 register/latch pins with no clock driven by root clock pin: v5_reg[2]/Q (HIGH)

 There are 12 register/latch pins with no clock driven by root clock pin: v5_reg[3]/Q (HIGH)

 There are 12 register/latch pins with no clock driven by root clock pin: v5_reg[4]/Q (HIGH)

 There are 12 register/latch pins with no clock driven by root clock pin: v5_reg[5]/Q (HIGH)

 There are 12 register/latch pins with no clock driven by root clock pin: v5_reg[6]/Q (HIGH)

 There are 12 register/latch pins with no clock driven by root clock pin: v5_reg[6]_rep/Q (HIGH)

 There are 12 register/latch pins with no clock driven by root clock pin: v5_reg[7]/Q (HIGH)

 There are 12 register/latch pins with no clock driven by root clock pin: v5_reg[7]_rep/Q (HIGH)

 There are 12 register/latch pins with no clock driven by root clock pin: v5_reg[8]/Q (HIGH)

 There are 12 register/latch pins with no clock driven by root clock pin: v5_reg[9]/Q (HIGH)


2. checking constant_clock
--------------------------
 There are 0 register/latch pins with constant_clock.


3. checking pulse_width_clock
-----------------------------
 There are 0 register/latch pins which need pulse_width check


4. checking unconstrained_internal_endpoints
--------------------------------------------
 There are 2137 pins that are not constrained for maximum delay. (HIGH)

 There are 0 pins that are not constrained for maximum delay due to constant clock.


5. checking no_input_delay
--------------------------
 There are 5 input ports with no input delay specified. (HIGH)

 There are 0 input ports with no input delay but user has a false path constraint.


6. checking no_output_delay
---------------------------
 There are 32 ports with no output delay specified. (HIGH)

 There are 0 ports with no output delay but user has a false path constraint

 There are 0 ports with no output delay but with a timing clock defined on it or propagating through it


7. checking multiple_clock
--------------------------
 There are 0 register/latch pins with multiple clocks.


8. checking generated_clocks
----------------------------
 There are 0 generated clocks that are not connected to a clock source.


9. checking loops
-----------------
 There are 0 combinational loops in the design.


10. checking partial_input_delay
--------------------------------
 There are 0 input ports with partial input delay specified.


11. checking partial_output_delay
---------------------------------
 There are 0 ports with partial output delay specified.


12. checking latch_loops
------------------------
 There are 0 combinational latch loops in the design through latch input



------------------------------------------------------------------------------------------------
| Design Timing Summary
| ---------------------
------------------------------------------------------------------------------------------------

    WNS(ns)      TNS(ns)  TNS Failing Endpoints  TNS Total Endpoints      WHS(ns)      THS(ns)  THS Failing Endpoints  THS Total Endpoints     WPWS(ns)     TPWS(ns)  TPWS Failing Endpoints  TPWS Total Endpoints  
    -------      -------  ---------------------  -------------------      -------      -------  ---------------------  -------------------     --------     --------  ----------------------  --------------------  
         NA           NA                     NA                   NA           NA           NA                     NA                   NA           NA           NA                      NA                    NA  


There are no user specified timing constraints.


------------------------------------------------------------------------------------------------
| Clock Summary
| -------------
------------------------------------------------------------------------------------------------


------------------------------------------------------------------------------------------------
| Intra Clock Table
| -----------------
------------------------------------------------------------------------------------------------

Clock             WNS(ns)      TNS(ns)  TNS Failing Endpoints  TNS Total Endpoints      WHS(ns)      THS(ns)  THS Failing Endpoints  THS Total Endpoints     WPWS(ns)     TPWS(ns)  TPWS Failing Endpoints  TPWS Total Endpoints  
-----             -------      -------  ---------------------  -------------------      -------      -------  ---------------------  -------------------     --------     --------  ----------------------  --------------------  


------------------------------------------------------------------------------------------------
| Inter Clock Table
| -----------------
------------------------------------------------------------------------------------------------

From Clock    To Clock          WNS(ns)      TNS(ns)  TNS Failing Endpoints  TNS Total Endpoints      WHS(ns)      THS(ns)  THS Failing Endpoints  THS Total Endpoints  
----------    --------          -------      -------  ---------------------  -------------------      -------      -------  ---------------------  -------------------  


------------------------------------------------------------------------------------------------
| Other Path Groups Table
| -----------------------
------------------------------------------------------------------------------------------------

Path Group    From Clock    To Clock          WNS(ns)      TNS(ns)  TNS Failing Endpoints  TNS Total Endpoints      WHS(ns)      THS(ns)  THS Failing Endpoints  THS Total Endpoints  
----------    ----------    --------          -------      -------  ---------------------  -------------------      -------      -------  ---------------------  -------------------  


------------------------------------------------------------------------------------------------
| Timing Details
| --------------
------------------------------------------------------------------------------------------------


