#-----------------------------------------------------------
# Vivado v2018.3 (64-bit)
# SW Build 2405991 on Thu Dec  6 23:38:27 MST 2018
# IP Build 2404404 on Fri Dec  7 01:43:56 MST 2018
# Start of session at: Tue Jun  4 10:13:24 2019
# Process ID: 16768
# Current directory: C:/Users/amy58/OneDrive/Digital lab/final_modi
# Command line: vivado.exe -gui_launcher_event rodinguilauncherevent8556 C:\Users\amy58\OneDrive\Digital lab\final_modi\final_modi.xpr
# Log file: C:/Users/amy58/OneDrive/Digital lab/final_modi/vivado.log
# Journal file: C:/Users/amy58/OneDrive/Digital lab/final_modi\vivado.jou
#-----------------------------------------------------------
start_gui
open_project {C:/Users/amy58/OneDrive/Digital lab/final_modi/final_modi.xpr}
Scanning sources...
Finished scanning sources
INFO: [IP_Flow 19-234] Refreshing IP repositories
INFO: [IP_Flow 19-1704] No user IP repositories specified
INFO: [IP_Flow 19-2313] Loaded Vivado IP repository 'C:/Xilinx/Vivado/2018.3/data/ip'.
open_project: Time (s): cpu = 00:00:21 ; elapsed = 00:00:10 . Memory (MB): peak = 715.520 ; gain = 126.328
update_compile_order -fileset sources_1
reset_run synth_1
launch_runs impl_1 -jobs 8
[Tue Jun  4 10:29:38 2019] Launched synth_1...
Run output will be captured here: C:/Users/amy58/OneDrive/Digital lab/final_modi/final_modi.runs/synth_1/runme.log
[Tue Jun  4 10:29:38 2019] Launched impl_1...
Run output will be captured here: C:/Users/amy58/OneDrive/Digital lab/final_modi/final_modi.runs/impl_1/runme.log
launch_runs impl_1 -to_step write_bitstream -jobs 8
[Tue Jun  4 10:34:47 2019] Launched impl_1...
Run output will be captured here: C:/Users/amy58/OneDrive/Digital lab/final_modi/final_modi.runs/impl_1/runme.log
open_hw
connect_hw_server
INFO: [Labtools 27-2285] Connecting to hw_server url TCP:localhost:3121
INFO: [Labtools 27-2222] Launching hw_server...
INFO: [Labtools 27-2221] Launch Output:

****** Xilinx hw_server v2018.3
  **** Build date : Dec  7 2018-00:40:27
    ** Copyright 1986-2018 Xilinx, Inc. All Rights Reserved.


open_hw_target
INFO: [Labtoolstcl 44-466] Opening hw_target localhost:3121/xilinx_tcf/Digilent/210292A6E790A
set_property PROGRAM.FILE {C:/Users/amy58/OneDrive/Digital lab/final_modi/final_modi.runs/impl_1/final.bit} [get_hw_devices xc7a100t_0]
current_hw_device [get_hw_devices xc7a100t_0]
refresh_hw_device -update_hw_probes false [lindex [get_hw_devices xc7a100t_0] 0]
INFO: [Labtools 27-1434] Device xc7a100t (JTAG device index = 0) is programmed with a design that has no supported debug core(s) in it.
set_property PROBES.FILE {} [get_hw_devices xc7a100t_0]
set_property FULL_PROBES.FILE {} [get_hw_devices xc7a100t_0]
set_property PROGRAM.FILE {C:/Users/amy58/OneDrive/Digital lab/final_modi/final_modi.runs/impl_1/final.bit} [get_hw_devices xc7a100t_0]
program_hw_devices [get_hw_devices xc7a100t_0]
INFO: [Labtools 27-3164] End of startup status: HIGH
refresh_hw_device [lindex [get_hw_devices xc7a100t_0] 0]
INFO: [Labtools 27-1434] Device xc7a100t (JTAG device index = 0) is programmed with a design that has no supported debug core(s) in it.
reset_run synth_1
launch_runs impl_1 -jobs 8
[Tue Jun  4 10:49:41 2019] Launched synth_1...
Run output will be captured here: C:/Users/amy58/OneDrive/Digital lab/final_modi/final_modi.runs/synth_1/runme.log
[Tue Jun  4 10:49:41 2019] Launched impl_1...
Run output will be captured here: C:/Users/amy58/OneDrive/Digital lab/final_modi/final_modi.runs/impl_1/runme.log
launch_runs impl_1 -to_step write_bitstream -jobs 8
[Tue Jun  4 10:53:50 2019] Launched impl_1...
Run output will be captured here: C:/Users/amy58/OneDrive/Digital lab/final_modi/final_modi.runs/impl_1/runme.log
set_property PROBES.FILE {} [get_hw_devices xc7a100t_0]
set_property FULL_PROBES.FILE {} [get_hw_devices xc7a100t_0]
set_property PROGRAM.FILE {C:/Users/amy58/OneDrive/Digital lab/final_modi/final_modi.runs/impl_1/final.bit} [get_hw_devices xc7a100t_0]
program_hw_devices [get_hw_devices xc7a100t_0]
INFO: [Labtools 27-3164] End of startup status: HIGH
refresh_hw_device [lindex [get_hw_devices xc7a100t_0] 0]
INFO: [Labtools 27-1434] Device xc7a100t (JTAG device index = 0) is programmed with a design that has no supported debug core(s) in it.
reset_run synth_1
launch_runs impl_1 -jobs 8
[Tue Jun  4 10:58:32 2019] Launched synth_1...
Run output will be captured here: C:/Users/amy58/OneDrive/Digital lab/final_modi/final_modi.runs/synth_1/runme.log
[Tue Jun  4 10:58:32 2019] Launched impl_1...
Run output will be captured here: C:/Users/amy58/OneDrive/Digital lab/final_modi/final_modi.runs/impl_1/runme.log
launch_runs impl_1 -to_step write_bitstream -jobs 8
[Tue Jun  4 11:02:17 2019] Launched impl_1...
Run output will be captured here: C:/Users/amy58/OneDrive/Digital lab/final_modi/final_modi.runs/impl_1/runme.log
set_property PROBES.FILE {} [get_hw_devices xc7a100t_0]
set_property FULL_PROBES.FILE {} [get_hw_devices xc7a100t_0]
set_property PROGRAM.FILE {C:/Users/amy58/OneDrive/Digital lab/final_modi/final_modi.runs/impl_1/final.bit} [get_hw_devices xc7a100t_0]
program_hw_devices [get_hw_devices xc7a100t_0]
INFO: [Labtools 27-3164] End of startup status: HIGH
refresh_hw_device [lindex [get_hw_devices xc7a100t_0] 0]
INFO: [Labtools 27-1434] Device xc7a100t (JTAG device index = 0) is programmed with a design that has no supported debug core(s) in it.
reset_run synth_1
launch_runs impl_1 -jobs 8
[Tue Jun  4 11:13:18 2019] Launched synth_1...
Run output will be captured here: C:/Users/amy58/OneDrive/Digital lab/final_modi/final_modi.runs/synth_1/runme.log
[Tue Jun  4 11:13:18 2019] Launched impl_1...
Run output will be captured here: C:/Users/amy58/OneDrive/Digital lab/final_modi/final_modi.runs/impl_1/runme.log
launch_runs impl_1 -to_step write_bitstream -jobs 8
[Tue Jun  4 11:18:42 2019] Launched impl_1...
Run output will be captured here: C:/Users/amy58/OneDrive/Digital lab/final_modi/final_modi.runs/impl_1/runme.log
set_property PROBES.FILE {} [get_hw_devices xc7a100t_0]
set_property FULL_PROBES.FILE {} [get_hw_devices xc7a100t_0]
set_property PROGRAM.FILE {C:/Users/amy58/OneDrive/Digital lab/final_modi/final_modi.runs/impl_1/final.bit} [get_hw_devices xc7a100t_0]
program_hw_devices [get_hw_devices xc7a100t_0]
INFO: [Labtools 27-3164] End of startup status: HIGH
refresh_hw_device [lindex [get_hw_devices xc7a100t_0] 0]
INFO: [Labtools 27-1434] Device xc7a100t (JTAG device index = 0) is programmed with a design that has no supported debug core(s) in it.
reset_run synth_1
launch_runs impl_1 -jobs 8
[Tue Jun  4 11:26:21 2019] Launched synth_1...
Run output will be captured here: C:/Users/amy58/OneDrive/Digital lab/final_modi/final_modi.runs/synth_1/runme.log
[Tue Jun  4 11:26:21 2019] Launched impl_1...
Run output will be captured here: C:/Users/amy58/OneDrive/Digital lab/final_modi/final_modi.runs/impl_1/runme.log
launch_runs impl_1 -to_step write_bitstream -jobs 8
[Tue Jun  4 11:31:27 2019] Launched impl_1...
Run output will be captured here: C:/Users/amy58/OneDrive/Digital lab/final_modi/final_modi.runs/impl_1/runme.log
set_property PROBES.FILE {} [get_hw_devices xc7a100t_0]
set_property FULL_PROBES.FILE {} [get_hw_devices xc7a100t_0]
set_property PROGRAM.FILE {C:/Users/amy58/OneDrive/Digital lab/final_modi/final_modi.runs/impl_1/final.bit} [get_hw_devices xc7a100t_0]
program_hw_devices [get_hw_devices xc7a100t_0]
INFO: [Labtools 27-3164] End of startup status: HIGH
refresh_hw_device [lindex [get_hw_devices xc7a100t_0] 0]
INFO: [Labtools 27-1434] Device xc7a100t (JTAG device index = 0) is programmed with a design that has no supported debug core(s) in it.
reset_run synth_1
launch_runs impl_1 -jobs 8
[Tue Jun  4 11:42:51 2019] Launched synth_1...
Run output will be captured here: C:/Users/amy58/OneDrive/Digital lab/final_modi/final_modi.runs/synth_1/runme.log
[Tue Jun  4 11:42:51 2019] Launched impl_1...
Run output will be captured here: C:/Users/amy58/OneDrive/Digital lab/final_modi/final_modi.runs/impl_1/runme.log
launch_runs impl_1 -to_step write_bitstream -jobs 8
[Tue Jun  4 11:48:43 2019] Launched impl_1...
Run output will be captured here: C:/Users/amy58/OneDrive/Digital lab/final_modi/final_modi.runs/impl_1/runme.log
set_property PROBES.FILE {} [get_hw_devices xc7a100t_0]
set_property FULL_PROBES.FILE {} [get_hw_devices xc7a100t_0]
set_property PROGRAM.FILE {C:/Users/amy58/OneDrive/Digital lab/final_modi/final_modi.runs/impl_1/final.bit} [get_hw_devices xc7a100t_0]
program_hw_devices [get_hw_devices xc7a100t_0]
INFO: [Labtools 27-3164] End of startup status: HIGH
refresh_hw_device [lindex [get_hw_devices xc7a100t_0] 0]
INFO: [Labtools 27-1434] Device xc7a100t (JTAG device index = 0) is programmed with a design that has no supported debug core(s) in it.
reset_run synth_1
launch_runs impl_1 -jobs 8
[Tue Jun  4 12:04:35 2019] Launched synth_1...
Run output will be captured here: C:/Users/amy58/OneDrive/Digital lab/final_modi/final_modi.runs/synth_1/runme.log
[Tue Jun  4 12:04:35 2019] Launched impl_1...
Run output will be captured here: C:/Users/amy58/OneDrive/Digital lab/final_modi/final_modi.runs/impl_1/runme.log
reset_run synth_1
launch_runs impl_1 -jobs 8
[Tue Jun  4 12:10:48 2019] Launched synth_1...
Run output will be captured here: C:/Users/amy58/OneDrive/Digital lab/final_modi/final_modi.runs/synth_1/runme.log
[Tue Jun  4 12:10:48 2019] Launched impl_1...
Run output will be captured here: C:/Users/amy58/OneDrive/Digital lab/final_modi/final_modi.runs/impl_1/runme.log
launch_runs impl_1 -to_step write_bitstream -jobs 8
[Tue Jun  4 12:20:09 2019] Launched impl_1...
Run output will be captured here: C:/Users/amy58/OneDrive/Digital lab/final_modi/final_modi.runs/impl_1/runme.log
close_hw
close_hw: Time (s): cpu = 00:00:13 ; elapsed = 00:00:11 . Memory (MB): peak = 1777.512 ; gain = 0.000
reset_run impl_1 -prev_step 
close_project
