#-----------------------------------------------------------
# Vivado v2018.3 (64-bit)
# SW Build 2405991 on Thu Dec  6 23:38:27 MST 2018
# IP Build 2404404 on Fri Dec  7 01:43:56 MST 2018
# Start of session at: Tue Jun  4 16:40:02 2019
# Process ID: 12756
# Current directory: C:/Users/amy58/OneDrive/Digital lab/final_modi
# Command line: vivado.exe -gui_launcher_event rodinguilauncherevent18456 C:\Users\amy58\OneDrive\Digital lab\final_modi\final_modi.xpr
# Log file: C:/Users/amy58/OneDrive/Digital lab/final_modi/vivado.log
# Journal file: C:/Users/amy58/OneDrive/Digital lab/final_modi\vivado.jou
#-----------------------------------------------------------
start_gui
open_project {C:/Users/amy58/OneDrive/Digital lab/final_modi/final_modi.xpr}
Scanning sources...
Finished scanning sources
INFO: [IP_Flow 19-234] Refreshing IP repositories
INFO: [IP_Flow 19-1704] No user IP repositories specified
INFO: [IP_Flow 19-2313] Loaded Vivado IP repository 'C:/Xilinx/Vivado/2018.3/data/ip'.
open_project: Time (s): cpu = 00:00:53 ; elapsed = 00:00:16 . Memory (MB): peak = 749.199 ; gain = 138.238
update_compile_order -fileset sources_1
launch_runs impl_1 -to_step write_bitstream -jobs 8
[Tue Jun  4 16:41:44 2019] Launched impl_1...
Run output will be captured here: C:/Users/amy58/OneDrive/Digital lab/final_modi/final_modi.runs/impl_1/runme.log
open_run impl_1
INFO: [Netlist 29-17] Analyzing 2930 Unisim elements for replacement
INFO: [Netlist 29-28] Unisim Transformation completed in 0 CPU seconds
WARNING: [Netlist 29-101] Netlist 'final' is not ideal for floorplanning, since the cellview 'final' contains a large number of primitives.  Please consider enabling hierarchy in synthesis if you want to do floorplanning.
INFO: [Project 1-479] Netlist was created with Vivado 2018.3
INFO: [Device 21-403] Loading part xc7a100tcsg324-1
INFO: [Project 1-570] Preparing netlist for logic optimization
INFO: [Timing 38-478] Restoring timing data from binary archive.
WARNING: [Common 17-9] Error reading message records.
INFO: [Common 17-41] Interrupt caught. Command should exit soon.
WARNING: [Common 17-9] Error reading message records.
INFO: [Timing 38-479] Binary timing data restore complete.
INFO: [Project 1-856] Restoring constraints from binary archive.
INFO: [Project 1-853] Binary constraint restore complete.
Reading XDEF placement.
Reading placer database...
Reading XDEF routing.
Restored from archive | CPU: 1.000000 secs | Memory: 0.000000 MB |
Finished XDEF File Restore: Time (s): cpu = 00:00:01 ; elapsed = 00:00:01 . Memory (MB): peak = 1667.086 ; gain = 1.773
open_run: Time (s): cpu = 00:00:29 ; elapsed = 00:00:25 . Memory (MB): peak = 1669.668 ; gain = 882.996
INFO: [Common 17-344] 'open_run' was cancelled
open_hw
connect_hw_server
INFO: [Labtools 27-2285] Connecting to hw_server url TCP:localhost:3121
INFO: [Labtools 27-2222] Launching hw_server...
INFO: [Labtools 27-2221] Launch Output:

****** Xilinx hw_server v2018.3
  **** Build date : Dec  7 2018-00:40:27
    ** Copyright 1986-2018 Xilinx, Inc. All Rights Reserved.


open_hw_target
INFO: [Labtoolstcl 44-466] Opening hw_target localhost:3121/xilinx_tcf/Digilent/210292A6E790A
set_property PROGRAM.FILE {C:/Users/amy58/OneDrive/Digital lab/final_modi/final_modi.runs/impl_1/final.bit} [get_hw_devices xc7a100t_0]
current_hw_device [get_hw_devices xc7a100t_0]
refresh_hw_device -update_hw_probes false [lindex [get_hw_devices xc7a100t_0] 0]
INFO: [Labtools 27-1434] Device xc7a100t (JTAG device index = 0) is programmed with a design that has no supported debug core(s) in it.
set_property PROBES.FILE {} [get_hw_devices xc7a100t_0]
set_property FULL_PROBES.FILE {} [get_hw_devices xc7a100t_0]
set_property PROGRAM.FILE {C:/Users/amy58/OneDrive/Digital lab/final_modi/final_modi.runs/impl_1/final.bit} [get_hw_devices xc7a100t_0]
program_hw_devices [get_hw_devices xc7a100t_0]
INFO: [Labtools 27-3164] End of startup status: HIGH
refresh_hw_device [lindex [get_hw_devices xc7a100t_0] 0]
INFO: [Labtools 27-1434] Device xc7a100t (JTAG device index = 0) is programmed with a design that has no supported debug core(s) in it.
reset_run synth_1
launch_runs impl_1 -jobs 8
[Tue Jun  4 16:46:09 2019] Launched synth_1...
Run output will be captured here: C:/Users/amy58/OneDrive/Digital lab/final_modi/final_modi.runs/synth_1/runme.log
[Tue Jun  4 16:46:09 2019] Launched impl_1...
Run output will be captured here: C:/Users/amy58/OneDrive/Digital lab/final_modi/final_modi.runs/impl_1/runme.log
launch_runs impl_1 -to_step write_bitstream -jobs 8
[Tue Jun  4 16:51:43 2019] Launched impl_1...
Run output will be captured here: C:/Users/amy58/OneDrive/Digital lab/final_modi/final_modi.runs/impl_1/runme.log
set_property PROBES.FILE {} [get_hw_devices xc7a100t_0]
set_property FULL_PROBES.FILE {} [get_hw_devices xc7a100t_0]
set_property PROGRAM.FILE {C:/Users/amy58/OneDrive/Digital lab/final_modi/final_modi.runs/impl_1/final.bit} [get_hw_devices xc7a100t_0]
program_hw_devices [get_hw_devices xc7a100t_0]
INFO: [Labtools 27-3164] End of startup status: HIGH
refresh_hw_device [lindex [get_hw_devices xc7a100t_0] 0]
INFO: [Labtools 27-1434] Device xc7a100t (JTAG device index = 0) is programmed with a design that has no supported debug core(s) in it.
reset_run synth_1
launch_runs impl_1 -jobs 8
[Tue Jun  4 17:04:05 2019] Launched synth_1...
Run output will be captured here: C:/Users/amy58/OneDrive/Digital lab/final_modi/final_modi.runs/synth_1/runme.log
[Tue Jun  4 17:04:05 2019] Launched impl_1...
Run output will be captured here: C:/Users/amy58/OneDrive/Digital lab/final_modi/final_modi.runs/impl_1/runme.log
launch_runs impl_1 -to_step write_bitstream -jobs 8
[Tue Jun  4 17:10:00 2019] Launched impl_1...
Run output will be captured here: C:/Users/amy58/OneDrive/Digital lab/final_modi/final_modi.runs/impl_1/runme.log
set_property PROBES.FILE {} [get_hw_devices xc7a100t_0]
set_property FULL_PROBES.FILE {} [get_hw_devices xc7a100t_0]
set_property PROGRAM.FILE {C:/Users/amy58/OneDrive/Digital lab/final_modi/final_modi.runs/impl_1/final.bit} [get_hw_devices xc7a100t_0]
program_hw_devices [get_hw_devices xc7a100t_0]
INFO: [Labtools 27-3164] End of startup status: HIGH
refresh_hw_device [lindex [get_hw_devices xc7a100t_0] 0]
INFO: [Labtools 27-1434] Device xc7a100t (JTAG device index = 0) is programmed with a design that has no supported debug core(s) in it.
reset_run synth_1
launch_runs impl_1 -jobs 8
[Tue Jun  4 17:21:51 2019] Launched synth_1...
Run output will be captured here: C:/Users/amy58/OneDrive/Digital lab/final_modi/final_modi.runs/synth_1/runme.log
[Tue Jun  4 17:21:51 2019] Launched impl_1...
Run output will be captured here: C:/Users/amy58/OneDrive/Digital lab/final_modi/final_modi.runs/impl_1/runme.log
launch_runs impl_1 -to_step write_bitstream -jobs 8
[Tue Jun  4 17:25:44 2019] Launched impl_1...
Run output will be captured here: C:/Users/amy58/OneDrive/Digital lab/final_modi/final_modi.runs/impl_1/runme.log
set_property PROBES.FILE {} [get_hw_devices xc7a100t_0]
set_property FULL_PROBES.FILE {} [get_hw_devices xc7a100t_0]
set_property PROGRAM.FILE {C:/Users/amy58/OneDrive/Digital lab/final_modi/final_modi.runs/impl_1/final.bit} [get_hw_devices xc7a100t_0]
program_hw_devices [get_hw_devices xc7a100t_0]
INFO: [Labtools 27-3164] End of startup status: HIGH
refresh_hw_device [lindex [get_hw_devices xc7a100t_0] 0]
INFO: [Labtools 27-1434] Device xc7a100t (JTAG device index = 0) is programmed with a design that has no supported debug core(s) in it.
reset_run synth_1
launch_runs impl_1 -jobs 8
[Tue Jun  4 17:48:16 2019] Launched synth_1...
Run output will be captured here: C:/Users/amy58/OneDrive/Digital lab/final_modi/final_modi.runs/synth_1/runme.log
[Tue Jun  4 17:48:16 2019] Launched impl_1...
Run output will be captured here: C:/Users/amy58/OneDrive/Digital lab/final_modi/final_modi.runs/impl_1/runme.log
launch_runs impl_1 -to_step write_bitstream -jobs 8
[Tue Jun  4 17:52:37 2019] Launched impl_1...
Run output will be captured here: C:/Users/amy58/OneDrive/Digital lab/final_modi/final_modi.runs/impl_1/runme.log
set_property PROBES.FILE {} [get_hw_devices xc7a100t_0]
set_property FULL_PROBES.FILE {} [get_hw_devices xc7a100t_0]
set_property PROGRAM.FILE {C:/Users/amy58/OneDrive/Digital lab/final_modi/final_modi.runs/impl_1/final.bit} [get_hw_devices xc7a100t_0]
program_hw_devices [get_hw_devices xc7a100t_0]
INFO: [Labtools 27-3164] End of startup status: HIGH
refresh_hw_device [lindex [get_hw_devices xc7a100t_0] 0]
INFO: [Labtools 27-1434] Device xc7a100t (JTAG device index = 0) is programmed with a design that has no supported debug core(s) in it.
reset_run synth_1
launch_runs impl_1 -jobs 8
[Tue Jun  4 18:37:03 2019] Launched synth_1...
Run output will be captured here: C:/Users/amy58/OneDrive/Digital lab/final_modi/final_modi.runs/synth_1/runme.log
[Tue Jun  4 18:37:03 2019] Launched impl_1...
Run output will be captured here: C:/Users/amy58/OneDrive/Digital lab/final_modi/final_modi.runs/impl_1/runme.log
launch_runs impl_1 -to_step write_bitstream -jobs 8
[Tue Jun  4 18:40:50 2019] Launched impl_1...
Run output will be captured here: C:/Users/amy58/OneDrive/Digital lab/final_modi/final_modi.runs/impl_1/runme.log
set_property PROBES.FILE {} [get_hw_devices xc7a100t_0]
set_property FULL_PROBES.FILE {} [get_hw_devices xc7a100t_0]
set_property PROGRAM.FILE {C:/Users/amy58/OneDrive/Digital lab/final_modi/final_modi.runs/impl_1/final.bit} [get_hw_devices xc7a100t_0]
program_hw_devices [get_hw_devices xc7a100t_0]
INFO: [Labtools 27-3164] End of startup status: HIGH
refresh_hw_device [lindex [get_hw_devices xc7a100t_0] 0]
INFO: [Labtools 27-1434] Device xc7a100t (JTAG device index = 0) is programmed with a design that has no supported debug core(s) in it.
reset_run synth_1
launch_runs impl_1 -jobs 8
[Tue Jun  4 18:54:10 2019] Launched synth_1...
Run output will be captured here: C:/Users/amy58/OneDrive/Digital lab/final_modi/final_modi.runs/synth_1/runme.log
[Tue Jun  4 18:54:10 2019] Launched impl_1...
Run output will be captured here: C:/Users/amy58/OneDrive/Digital lab/final_modi/final_modi.runs/impl_1/runme.log
launch_runs impl_1 -to_step write_bitstream -jobs 8
[Tue Jun  4 18:58:08 2019] Launched impl_1...
Run output will be captured here: C:/Users/amy58/OneDrive/Digital lab/final_modi/final_modi.runs/impl_1/runme.log
set_property PROBES.FILE {} [get_hw_devices xc7a100t_0]
set_property FULL_PROBES.FILE {} [get_hw_devices xc7a100t_0]
set_property PROGRAM.FILE {C:/Users/amy58/OneDrive/Digital lab/final_modi/final_modi.runs/impl_1/final.bit} [get_hw_devices xc7a100t_0]
program_hw_devices [get_hw_devices xc7a100t_0]
INFO: [Labtools 27-3164] End of startup status: HIGH
refresh_hw_device [lindex [get_hw_devices xc7a100t_0] 0]
INFO: [Labtools 27-1434] Device xc7a100t (JTAG device index = 0) is programmed with a design that has no supported debug core(s) in it.
set_property PROBES.FILE {} [get_hw_devices xc7a100t_0]
set_property FULL_PROBES.FILE {} [get_hw_devices xc7a100t_0]
set_property PROGRAM.FILE {C:/Users/amy58/OneDrive/Digital lab/final_modi/final_modi.runs/impl_1/final.bit} [get_hw_devices xc7a100t_0]
program_hw_devices [get_hw_devices xc7a100t_0]
INFO: [Labtools 27-3164] End of startup status: HIGH
refresh_hw_device [lindex [get_hw_devices xc7a100t_0] 0]
INFO: [Labtools 27-1434] Device xc7a100t (JTAG device index = 0) is programmed with a design that has no supported debug core(s) in it.
reset_run synth_1
launch_runs impl_1 -jobs 8
[Tue Jun  4 19:04:04 2019] Launched synth_1...
Run output will be captured here: C:/Users/amy58/OneDrive/Digital lab/final_modi/final_modi.runs/synth_1/runme.log
[Tue Jun  4 19:04:04 2019] Launched impl_1...
Run output will be captured here: C:/Users/amy58/OneDrive/Digital lab/final_modi/final_modi.runs/impl_1/runme.log
reset_run synth_1
launch_runs impl_1 -jobs 8
[Tue Jun  4 19:06:28 2019] Launched synth_1...
Run output will be captured here: C:/Users/amy58/OneDrive/Digital lab/final_modi/final_modi.runs/synth_1/runme.log
[Tue Jun  4 19:06:28 2019] Launched impl_1...
Run output will be captured here: C:/Users/amy58/OneDrive/Digital lab/final_modi/final_modi.runs/impl_1/runme.log
launch_runs impl_1 -to_step write_bitstream -jobs 8
[Tue Jun  4 19:10:41 2019] Launched impl_1...
Run output will be captured here: C:/Users/amy58/OneDrive/Digital lab/final_modi/final_modi.runs/impl_1/runme.log
set_property PROBES.FILE {} [get_hw_devices xc7a100t_0]
set_property FULL_PROBES.FILE {} [get_hw_devices xc7a100t_0]
set_property PROGRAM.FILE {C:/Users/amy58/OneDrive/Digital lab/final_modi/final_modi.runs/impl_1/final.bit} [get_hw_devices xc7a100t_0]
program_hw_devices [get_hw_devices xc7a100t_0]
INFO: [Labtools 27-3164] End of startup status: HIGH
refresh_hw_device [lindex [get_hw_devices xc7a100t_0] 0]
INFO: [Labtools 27-1434] Device xc7a100t (JTAG device index = 0) is programmed with a design that has no supported debug core(s) in it.
reset_run synth_1
launch_runs impl_1 -jobs 8
[Tue Jun  4 19:23:57 2019] Launched synth_1...
Run output will be captured here: C:/Users/amy58/OneDrive/Digital lab/final_modi/final_modi.runs/synth_1/runme.log
[Tue Jun  4 19:23:57 2019] Launched impl_1...
Run output will be captured here: C:/Users/amy58/OneDrive/Digital lab/final_modi/final_modi.runs/impl_1/runme.log
launch_runs impl_1 -to_step write_bitstream -jobs 8
[Tue Jun  4 19:27:42 2019] Launched impl_1...
Run output will be captured here: C:/Users/amy58/OneDrive/Digital lab/final_modi/final_modi.runs/impl_1/runme.log
set_property PROBES.FILE {} [get_hw_devices xc7a100t_0]
set_property FULL_PROBES.FILE {} [get_hw_devices xc7a100t_0]
set_property PROGRAM.FILE {C:/Users/amy58/OneDrive/Digital lab/final_modi/final_modi.runs/impl_1/final.bit} [get_hw_devices xc7a100t_0]
program_hw_devices [get_hw_devices xc7a100t_0]
INFO: [Labtools 27-3164] End of startup status: HIGH
refresh_hw_device [lindex [get_hw_devices xc7a100t_0] 0]
INFO: [Labtools 27-1434] Device xc7a100t (JTAG device index = 0) is programmed with a design that has no supported debug core(s) in it.
reset_run synth_1
launch_runs impl_1 -jobs 8
[Tue Jun  4 19:33:29 2019] Launched synth_1...
Run output will be captured here: C:/Users/amy58/OneDrive/Digital lab/final_modi/final_modi.runs/synth_1/runme.log
[Tue Jun  4 19:33:29 2019] Launched impl_1...
Run output will be captured here: C:/Users/amy58/OneDrive/Digital lab/final_modi/final_modi.runs/impl_1/runme.log
launch_runs impl_1 -to_step write_bitstream -jobs 8
[Tue Jun  4 19:37:15 2019] Launched impl_1...
Run output will be captured here: C:/Users/amy58/OneDrive/Digital lab/final_modi/final_modi.runs/impl_1/runme.log
set_property PROBES.FILE {} [get_hw_devices xc7a100t_0]
set_property FULL_PROBES.FILE {} [get_hw_devices xc7a100t_0]
set_property PROGRAM.FILE {C:/Users/amy58/OneDrive/Digital lab/final_modi/final_modi.runs/impl_1/final.bit} [get_hw_devices xc7a100t_0]
program_hw_devices [get_hw_devices xc7a100t_0]
INFO: [Labtools 27-3164] End of startup status: HIGH
refresh_hw_device [lindex [get_hw_devices xc7a100t_0] 0]
INFO: [Labtools 27-1434] Device xc7a100t (JTAG device index = 0) is programmed with a design that has no supported debug core(s) in it.
reset_run synth_1
launch_runs impl_1 -jobs 8
[Tue Jun  4 19:47:16 2019] Launched synth_1...
Run output will be captured here: C:/Users/amy58/OneDrive/Digital lab/final_modi/final_modi.runs/synth_1/runme.log
[Tue Jun  4 19:47:16 2019] Launched impl_1...
Run output will be captured here: C:/Users/amy58/OneDrive/Digital lab/final_modi/final_modi.runs/impl_1/runme.log
reset_run synth_1
launch_runs impl_1 -jobs 8
[Tue Jun  4 20:00:32 2019] Launched synth_1...
Run output will be captured here: C:/Users/amy58/OneDrive/Digital lab/final_modi/final_modi.runs/synth_1/runme.log
[Tue Jun  4 20:00:32 2019] Launched impl_1...
Run output will be captured here: C:/Users/amy58/OneDrive/Digital lab/final_modi/final_modi.runs/impl_1/runme.log
launch_runs impl_1 -to_step write_bitstream -jobs 8
[Tue Jun  4 20:04:12 2019] Launched impl_1...
Run output will be captured here: C:/Users/amy58/OneDrive/Digital lab/final_modi/final_modi.runs/impl_1/runme.log
set_property PROBES.FILE {} [get_hw_devices xc7a100t_0]
set_property FULL_PROBES.FILE {} [get_hw_devices xc7a100t_0]
set_property PROGRAM.FILE {C:/Users/amy58/OneDrive/Digital lab/final_modi/final_modi.runs/impl_1/final.bit} [get_hw_devices xc7a100t_0]
program_hw_devices [get_hw_devices xc7a100t_0]
INFO: [Labtools 27-3164] End of startup status: HIGH
refresh_hw_device [lindex [get_hw_devices xc7a100t_0] 0]
INFO: [Labtools 27-1434] Device xc7a100t (JTAG device index = 0) is programmed with a design that has no supported debug core(s) in it.
reset_run synth_1
launch_runs impl_1 -jobs 8
[Tue Jun  4 20:31:49 2019] Launched synth_1...
Run output will be captured here: C:/Users/amy58/OneDrive/Digital lab/final_modi/final_modi.runs/synth_1/runme.log
[Tue Jun  4 20:31:49 2019] Launched impl_1...
Run output will be captured here: C:/Users/amy58/OneDrive/Digital lab/final_modi/final_modi.runs/impl_1/runme.log
launch_runs impl_1 -to_step write_bitstream -jobs 8
[Tue Jun  4 20:35:28 2019] Launched impl_1...
Run output will be captured here: C:/Users/amy58/OneDrive/Digital lab/final_modi/final_modi.runs/impl_1/runme.log
set_property PROBES.FILE {} [get_hw_devices xc7a100t_0]
set_property FULL_PROBES.FILE {} [get_hw_devices xc7a100t_0]
set_property PROGRAM.FILE {C:/Users/amy58/OneDrive/Digital lab/final_modi/final_modi.runs/impl_1/final.bit} [get_hw_devices xc7a100t_0]
program_hw_devices [get_hw_devices xc7a100t_0]
INFO: [Labtools 27-3164] End of startup status: HIGH
refresh_hw_device [lindex [get_hw_devices xc7a100t_0] 0]
INFO: [Labtools 27-1434] Device xc7a100t (JTAG device index = 0) is programmed with a design that has no supported debug core(s) in it.
reset_run synth_1
launch_runs impl_1 -jobs 8
[Tue Jun  4 20:40:03 2019] Launched synth_1...
Run output will be captured here: C:/Users/amy58/OneDrive/Digital lab/final_modi/final_modi.runs/synth_1/runme.log
[Tue Jun  4 20:40:03 2019] Launched impl_1...
Run output will be captured here: C:/Users/amy58/OneDrive/Digital lab/final_modi/final_modi.runs/impl_1/runme.log
launch_runs impl_1 -to_step write_bitstream -jobs 8
[Tue Jun  4 20:43:53 2019] Launched impl_1...
Run output will be captured here: C:/Users/amy58/OneDrive/Digital lab/final_modi/final_modi.runs/impl_1/runme.log
set_property PROBES.FILE {} [get_hw_devices xc7a100t_0]
set_property FULL_PROBES.FILE {} [get_hw_devices xc7a100t_0]
set_property PROGRAM.FILE {C:/Users/amy58/OneDrive/Digital lab/final_modi/final_modi.runs/impl_1/final.bit} [get_hw_devices xc7a100t_0]
program_hw_devices [get_hw_devices xc7a100t_0]
INFO: [Labtools 27-3164] End of startup status: HIGH
refresh_hw_device [lindex [get_hw_devices xc7a100t_0] 0]
INFO: [Labtools 27-1434] Device xc7a100t (JTAG device index = 0) is programmed with a design that has no supported debug core(s) in it.
reset_run synth_1
launch_runs impl_1 -jobs 8
[Tue Jun  4 21:14:53 2019] Launched synth_1...
Run output will be captured here: C:/Users/amy58/OneDrive/Digital lab/final_modi/final_modi.runs/synth_1/runme.log
[Tue Jun  4 21:14:53 2019] Launched impl_1...
Run output will be captured here: C:/Users/amy58/OneDrive/Digital lab/final_modi/final_modi.runs/impl_1/runme.log
reset_run synth_1
launch_runs impl_1 -jobs 8
[Tue Jun  4 21:16:29 2019] Launched synth_1...
Run output will be captured here: C:/Users/amy58/OneDrive/Digital lab/final_modi/final_modi.runs/synth_1/runme.log
[Tue Jun  4 21:16:29 2019] Launched impl_1...
Run output will be captured here: C:/Users/amy58/OneDrive/Digital lab/final_modi/final_modi.runs/impl_1/runme.log
launch_runs impl_1 -to_step write_bitstream -jobs 8
[Tue Jun  4 21:20:25 2019] Launched impl_1...
Run output will be captured here: C:/Users/amy58/OneDrive/Digital lab/final_modi/final_modi.runs/impl_1/runme.log
set_property PROBES.FILE {} [get_hw_devices xc7a100t_0]
set_property FULL_PROBES.FILE {} [get_hw_devices xc7a100t_0]
set_property PROGRAM.FILE {C:/Users/amy58/OneDrive/Digital lab/final_modi/final_modi.runs/impl_1/final.bit} [get_hw_devices xc7a100t_0]
program_hw_devices [get_hw_devices xc7a100t_0]
INFO: [Labtools 27-3164] End of startup status: HIGH
refresh_hw_device [lindex [get_hw_devices xc7a100t_0] 0]
INFO: [Labtools 27-1434] Device xc7a100t (JTAG device index = 0) is programmed with a design that has no supported debug core(s) in it.
reset_run synth_1
launch_runs impl_1 -jobs 8
[Tue Jun  4 21:28:51 2019] Launched synth_1...
Run output will be captured here: C:/Users/amy58/OneDrive/Digital lab/final_modi/final_modi.runs/synth_1/runme.log
[Tue Jun  4 21:28:51 2019] Launched impl_1...
Run output will be captured here: C:/Users/amy58/OneDrive/Digital lab/final_modi/final_modi.runs/impl_1/runme.log
launch_runs impl_1 -to_step write_bitstream -jobs 8
[Tue Jun  4 21:32:44 2019] Launched impl_1...
Run output will be captured here: C:/Users/amy58/OneDrive/Digital lab/final_modi/final_modi.runs/impl_1/runme.log
set_property PROBES.FILE {} [get_hw_devices xc7a100t_0]
set_property FULL_PROBES.FILE {} [get_hw_devices xc7a100t_0]
set_property PROGRAM.FILE {C:/Users/amy58/OneDrive/Digital lab/final_modi/final_modi.runs/impl_1/final.bit} [get_hw_devices xc7a100t_0]
program_hw_devices [get_hw_devices xc7a100t_0]
INFO: [Labtools 27-3164] End of startup status: HIGH
refresh_hw_device [lindex [get_hw_devices xc7a100t_0] 0]
INFO: [Labtools 27-1434] Device xc7a100t (JTAG device index = 0) is programmed with a design that has no supported debug core(s) in it.
reset_run synth_1
launch_runs impl_1 -jobs 8
[Tue Jun  4 21:36:37 2019] Launched synth_1...
Run output will be captured here: C:/Users/amy58/OneDrive/Digital lab/final_modi/final_modi.runs/synth_1/runme.log
[Tue Jun  4 21:36:37 2019] Launched impl_1...
Run output will be captured here: C:/Users/amy58/OneDrive/Digital lab/final_modi/final_modi.runs/impl_1/runme.log
launch_runs impl_1 -to_step write_bitstream -jobs 8
[Tue Jun  4 21:40:26 2019] Launched impl_1...
Run output will be captured here: C:/Users/amy58/OneDrive/Digital lab/final_modi/final_modi.runs/impl_1/runme.log
set_property PROBES.FILE {} [get_hw_devices xc7a100t_0]
set_property FULL_PROBES.FILE {} [get_hw_devices xc7a100t_0]
set_property PROGRAM.FILE {C:/Users/amy58/OneDrive/Digital lab/final_modi/final_modi.runs/impl_1/final.bit} [get_hw_devices xc7a100t_0]
program_hw_devices [get_hw_devices xc7a100t_0]
INFO: [Labtools 27-3164] End of startup status: HIGH
refresh_hw_device [lindex [get_hw_devices xc7a100t_0] 0]
INFO: [Labtools 27-1434] Device xc7a100t (JTAG device index = 0) is programmed with a design that has no supported debug core(s) in it.
reset_run synth_1
launch_runs impl_1 -jobs 8
[Tue Jun  4 21:52:57 2019] Launched synth_1...
Run output will be captured here: C:/Users/amy58/OneDrive/Digital lab/final_modi/final_modi.runs/synth_1/runme.log
[Tue Jun  4 21:52:57 2019] Launched impl_1...
Run output will be captured here: C:/Users/amy58/OneDrive/Digital lab/final_modi/final_modi.runs/impl_1/runme.log
launch_runs impl_1 -to_step write_bitstream -jobs 8
[Tue Jun  4 21:56:42 2019] Launched impl_1...
Run output will be captured here: C:/Users/amy58/OneDrive/Digital lab/final_modi/final_modi.runs/impl_1/runme.log
set_property PROBES.FILE {} [get_hw_devices xc7a100t_0]
set_property FULL_PROBES.FILE {} [get_hw_devices xc7a100t_0]
set_property PROGRAM.FILE {C:/Users/amy58/OneDrive/Digital lab/final_modi/final_modi.runs/impl_1/final.bit} [get_hw_devices xc7a100t_0]
program_hw_devices [get_hw_devices xc7a100t_0]
INFO: [Labtools 27-3164] End of startup status: HIGH
refresh_hw_device [lindex [get_hw_devices xc7a100t_0] 0]
INFO: [Labtools 27-1434] Device xc7a100t (JTAG device index = 0) is programmed with a design that has no supported debug core(s) in it.
set_property PROBES.FILE {} [get_hw_devices xc7a100t_0]
set_property FULL_PROBES.FILE {} [get_hw_devices xc7a100t_0]
set_property PROGRAM.FILE {C:/Users/amy58/OneDrive/Digital lab/final_modi/final_modi.runs/impl_1/final.bit} [get_hw_devices xc7a100t_0]
program_hw_devices [get_hw_devices xc7a100t_0]
INFO: [Labtools 27-3164] End of startup status: HIGH
refresh_hw_device [lindex [get_hw_devices xc7a100t_0] 0]
INFO: [Labtools 27-1434] Device xc7a100t (JTAG device index = 0) is programmed with a design that has no supported debug core(s) in it.
reset_run synth_1
launch_runs impl_1 -jobs 8
[Tue Jun  4 22:01:58 2019] Launched synth_1...
Run output will be captured here: C:/Users/amy58/OneDrive/Digital lab/final_modi/final_modi.runs/synth_1/runme.log
[Tue Jun  4 22:01:58 2019] Launched impl_1...
Run output will be captured here: C:/Users/amy58/OneDrive/Digital lab/final_modi/final_modi.runs/impl_1/runme.log
launch_runs impl_1 -to_step write_bitstream -jobs 8
[Tue Jun  4 22:06:08 2019] Launched impl_1...
Run output will be captured here: C:/Users/amy58/OneDrive/Digital lab/final_modi/final_modi.runs/impl_1/runme.log
set_property PROBES.FILE {} [get_hw_devices xc7a100t_0]
set_property FULL_PROBES.FILE {} [get_hw_devices xc7a100t_0]
set_property PROGRAM.FILE {C:/Users/amy58/OneDrive/Digital lab/final_modi/final_modi.runs/impl_1/final.bit} [get_hw_devices xc7a100t_0]
program_hw_devices [get_hw_devices xc7a100t_0]
INFO: [Labtools 27-3164] End of startup status: HIGH
refresh_hw_device [lindex [get_hw_devices xc7a100t_0] 0]
INFO: [Labtools 27-1434] Device xc7a100t (JTAG device index = 0) is programmed with a design that has no supported debug core(s) in it.
set_property PROBES.FILE {} [get_hw_devices xc7a100t_0]
set_property FULL_PROBES.FILE {} [get_hw_devices xc7a100t_0]
set_property PROGRAM.FILE {C:/Users/amy58/OneDrive/Digital lab/final_modi/final_modi.runs/impl_1/final.bit} [get_hw_devices xc7a100t_0]
program_hw_devices [get_hw_devices xc7a100t_0]
INFO: [Labtools 27-3164] End of startup status: HIGH
refresh_hw_device [lindex [get_hw_devices xc7a100t_0] 0]
INFO: [Labtools 27-1434] Device xc7a100t (JTAG device index = 0) is programmed with a design that has no supported debug core(s) in it.
reset_run synth_1
launch_runs impl_1 -jobs 8
[Tue Jun  4 22:12:46 2019] Launched synth_1...
Run output will be captured here: C:/Users/amy58/OneDrive/Digital lab/final_modi/final_modi.runs/synth_1/runme.log
[Tue Jun  4 22:12:46 2019] Launched impl_1...
Run output will be captured here: C:/Users/amy58/OneDrive/Digital lab/final_modi/final_modi.runs/impl_1/runme.log
launch_runs impl_1 -to_step write_bitstream -jobs 8
[Tue Jun  4 22:17:09 2019] Launched impl_1...
Run output will be captured here: C:/Users/amy58/OneDrive/Digital lab/final_modi/final_modi.runs/impl_1/runme.log
set_property PROBES.FILE {} [get_hw_devices xc7a100t_0]
set_property FULL_PROBES.FILE {} [get_hw_devices xc7a100t_0]
set_property PROGRAM.FILE {C:/Users/amy58/OneDrive/Digital lab/final_modi/final_modi.runs/impl_1/final.bit} [get_hw_devices xc7a100t_0]
program_hw_devices [get_hw_devices xc7a100t_0]
INFO: [Labtools 27-3164] End of startup status: HIGH
refresh_hw_device [lindex [get_hw_devices xc7a100t_0] 0]
INFO: [Labtools 27-1434] Device xc7a100t (JTAG device index = 0) is programmed with a design that has no supported debug core(s) in it.
reset_run synth_1
launch_runs impl_1 -jobs 8
[Tue Jun  4 22:22:41 2019] Launched synth_1...
Run output will be captured here: C:/Users/amy58/OneDrive/Digital lab/final_modi/final_modi.runs/synth_1/runme.log
[Tue Jun  4 22:22:41 2019] Launched impl_1...
Run output will be captured here: C:/Users/amy58/OneDrive/Digital lab/final_modi/final_modi.runs/impl_1/runme.log
launch_runs impl_1 -to_step write_bitstream -jobs 8
[Tue Jun  4 22:27:57 2019] Launched impl_1...
Run output will be captured here: C:/Users/amy58/OneDrive/Digital lab/final_modi/final_modi.runs/impl_1/runme.log
set_property PROBES.FILE {} [get_hw_devices xc7a100t_0]
set_property FULL_PROBES.FILE {} [get_hw_devices xc7a100t_0]
set_property PROGRAM.FILE {C:/Users/amy58/OneDrive/Digital lab/final_modi/final_modi.runs/impl_1/final.bit} [get_hw_devices xc7a100t_0]
program_hw_devices [get_hw_devices xc7a100t_0]
INFO: [Labtools 27-3164] End of startup status: HIGH
refresh_hw_device [lindex [get_hw_devices xc7a100t_0] 0]
INFO: [Labtools 27-1434] Device xc7a100t (JTAG device index = 0) is programmed with a design that has no supported debug core(s) in it.
reset_run synth_1
launch_runs impl_1 -jobs 8
[Tue Jun  4 22:32:21 2019] Launched synth_1...
Run output will be captured here: C:/Users/amy58/OneDrive/Digital lab/final_modi/final_modi.runs/synth_1/runme.log
[Tue Jun  4 22:32:21 2019] Launched impl_1...
Run output will be captured here: C:/Users/amy58/OneDrive/Digital lab/final_modi/final_modi.runs/impl_1/runme.log
launch_runs impl_1 -to_step write_bitstream -jobs 8
[Tue Jun  4 22:36:43 2019] Launched impl_1...
Run output will be captured here: C:/Users/amy58/OneDrive/Digital lab/final_modi/final_modi.runs/impl_1/runme.log
set_property PROBES.FILE {} [get_hw_devices xc7a100t_0]
set_property FULL_PROBES.FILE {} [get_hw_devices xc7a100t_0]
set_property PROGRAM.FILE {C:/Users/amy58/OneDrive/Digital lab/final_modi/final_modi.runs/impl_1/final.bit} [get_hw_devices xc7a100t_0]
program_hw_devices [get_hw_devices xc7a100t_0]
INFO: [Labtools 27-3164] End of startup status: HIGH
refresh_hw_device [lindex [get_hw_devices xc7a100t_0] 0]
INFO: [Labtools 27-1434] Device xc7a100t (JTAG device index = 0) is programmed with a design that has no supported debug core(s) in it.
reset_run synth_1
launch_runs impl_1 -jobs 8
[Tue Jun  4 22:46:28 2019] Launched synth_1...
Run output will be captured here: C:/Users/amy58/OneDrive/Digital lab/final_modi/final_modi.runs/synth_1/runme.log
[Tue Jun  4 22:46:28 2019] Launched impl_1...
Run output will be captured here: C:/Users/amy58/OneDrive/Digital lab/final_modi/final_modi.runs/impl_1/runme.log
launch_runs impl_1 -to_step write_bitstream -jobs 8
[Tue Jun  4 22:50:34 2019] Launched impl_1...
Run output will be captured here: C:/Users/amy58/OneDrive/Digital lab/final_modi/final_modi.runs/impl_1/runme.log
set_property PROBES.FILE {} [get_hw_devices xc7a100t_0]
set_property FULL_PROBES.FILE {} [get_hw_devices xc7a100t_0]
set_property PROGRAM.FILE {C:/Users/amy58/OneDrive/Digital lab/final_modi/final_modi.runs/impl_1/final.bit} [get_hw_devices xc7a100t_0]
program_hw_devices [get_hw_devices xc7a100t_0]
INFO: [Labtools 27-3164] End of startup status: HIGH
refresh_hw_device [lindex [get_hw_devices xc7a100t_0] 0]
INFO: [Labtools 27-1434] Device xc7a100t (JTAG device index = 0) is programmed with a design that has no supported debug core(s) in it.
close_hw
close_project
exit
INFO: [Common 17-206] Exiting Vivado at Tue Jun  4 22:59:36 2019...
