#-----------------------------------------------------------
# Vivado v2018.3 (64-bit)
# SW Build 2405991 on Thu Dec  6 23:38:27 MST 2018
# IP Build 2404404 on Fri Dec  7 01:43:56 MST 2018
# Start of session at: Fri Jun 21 21:49:18 2019
# Process ID: 12516
# Current directory: C:/Users/amy58/OneDrive/Digital lab/final_modi
# Command line: vivado.exe -gui_launcher_event rodinguilauncherevent764 C:\Users\amy58\OneDrive\Digital lab\final_modi\final_modi.xpr
# Log file: C:/Users/amy58/OneDrive/Digital lab/final_modi/vivado.log
# Journal file: C:/Users/amy58/OneDrive/Digital lab/final_modi\vivado.jou
#-----------------------------------------------------------
start_gui
open_project {C:/Users/amy58/OneDrive/Digital lab/final_modi/final_modi.xpr}
Scanning sources...
Finished scanning sources
INFO: [IP_Flow 19-234] Refreshing IP repositories
INFO: [IP_Flow 19-1704] No user IP repositories specified
INFO: [IP_Flow 19-2313] Loaded Vivado IP repository 'C:/Xilinx/Vivado/2018.3/data/ip'.
open_project: Time (s): cpu = 00:00:16 ; elapsed = 00:00:06 . Memory (MB): peak = 696.727 ; gain = 98.070
update_compile_order -fileset sources_1
exit
INFO: [Common 17-206] Exiting Vivado at Fri Jun 21 23:23:59 2019...
